<?xml version="1.0" encoding="UTF-8"?>
<testsuite name="ai.dcar.caldatewidget.PrefsManagerTest" tests="2" skipped="0" failures="0" errors="0" timestamp="2026-02-02T23:05:33.292Z" hostname="bosgame" time="0.685">
  <properties/>
  <testcase name="loadSettings returns defaults when missing" classname="ai.dcar.caldatewidget.PrefsManagerTest" time="0.588"/>
  <testcase name="saveSettings saves all values to editor" classname="ai.dcar.caldatewidget.PrefsManagerTest" time="0.096"/>
  <system-out><![CDATA[]]></system-out>
  <system-err><![CDATA[]]></system-err>
</testsuite>
