<?xml version="1.0" encoding="UTF-8"?>
<testsuite name="ai.dcar.caldatewidget.ConfigActivityTest" tests="2" skipped="0" failures="0" errors="0" timestamp="2026-02-02T23:05:29.688Z" hostname="bosgame" time="3.222">
  <properties/>
  <testcase name="selecting custom format shows edit text" classname="ai.dcar.caldatewidget.ConfigActivityTest" time="3.053"/>
  <testcase name="activity initializes correctly with widget id" classname="ai.dcar.caldatewidget.ConfigActivityTest" time="0.169"/>
  <system-out><![CDATA[]]></system-out>
  <system-err><![CDATA[]]></system-err>
</testsuite>
