<?xml version="1.0" encoding="UTF-8"?>
<testsuite name="ai.dcar.caldatewidget.WeeklyDisplayLogicTest" tests="36" skipped="0" failures="0" errors="0" timestamp="2026-02-01T22:28:33.791Z" hostname="bosgame" time="1.056">
  <properties/>
  <testcase name="shouldShowStartTimes for current day with realistic clipping scenario" classname="ai.dcar.caldatewidget.WeeklyDisplayLogicTest" time="0.62"/>
  <testcase name="shouldShowStartTimes returns false when there is clipping" classname="ai.dcar.caldatewidget.WeeklyDisplayLogicTest" time="0.017"/>
  <testcase name="getColumnWeights assigns weights correctly" classname="ai.dcar.caldatewidget.WeeklyDisplayLogicTest" time="0.014"/>
  <testcase name="getMaxLinesForCurrentDayEvent realistic scenario from logs" classname="ai.dcar.caldatewidget.WeeklyDisplayLogicTest" time="0.013"/>
  <testcase name="filterNearDuplicates handles real-world DTU Anti-Drone case" classname="ai.dcar.caldatewidget.WeeklyDisplayLogicTest" time="0.017"/>
  <testcase name="filterNearDuplicates handles three-way duplicates" classname="ai.dcar.caldatewidget.WeeklyDisplayLogicTest" time="0.014"/>
  <testcase name="shouldShowStartTimes detects clipping when many events on current day" classname="ai.dcar.caldatewidget.WeeklyDisplayLogicTest" time="0.017"/>
  <testcase name="filterNearDuplicates handles word reordering" classname="ai.dcar.caldatewidget.WeeklyDisplayLogicTest" time="0.014"/>
  <testcase name="shouldShowStartTimes returns true at the boundary" classname="ai.dcar.caldatewidget.WeeklyDisplayLogicTest" time="0.013"/>
  <testcase name="getStartDate goes back to past Monday if today is Wednesday" classname="ai.dcar.caldatewidget.WeeklyDisplayLogicTest" time="0.013"/>
  <testcase name="filterNearDuplicates keeps all-day separate from timed events" classname="ai.dcar.caldatewidget.WeeklyDisplayLogicTest" time="0.014"/>
  <testcase name="shouldShowStartTimes for weekend day with sparse events" classname="ai.dcar.caldatewidget.WeeklyDisplayLogicTest" time="0.014"/>
  <testcase name="shouldShowStartTimes returns true when there is no clipping" classname="ai.dcar.caldatewidget.WeeklyDisplayLogicTest" time="0.014"/>
  <testcase name="filterNearDuplicates rotates selection based on time" classname="ai.dcar.caldatewidget.WeeklyDisplayLogicTest" time="0.013"/>
  <testcase name="getMaxLinesForCurrentDayEvent returns 1 line for past events when clipping" classname="ai.dcar.caldatewidget.WeeklyDisplayLogicTest" time="0.013"/>
  <testcase name="shouldShowStartTimes for current day with few events and space" classname="ai.dcar.caldatewidget.WeeklyDisplayLogicTest" time="0.012"/>
  <testcase name="shouldShowStartTimes handles zero events" classname="ai.dcar.caldatewidget.WeeklyDisplayLogicTest" time="0.011"/>
  <testcase name="getMaxLinesForCurrentDayEvent returns at least 1 line for future events" classname="ai.dcar.caldatewidget.WeeklyDisplayLogicTest" time="0.009"/>
  <testcase name="filterNearDuplicates returns empty list for empty input" classname="ai.dcar.caldatewidget.WeeklyDisplayLogicTest" time="0.012"/>
  <testcase name="filterNearDuplicates matches events with high similarity but fewer than 5 words" classname="ai.dcar.caldatewidget.WeeklyDisplayLogicTest" time="0.012"/>
  <testcase name="shouldShowStartTimes returns false just over the boundary" classname="ai.dcar.caldatewidget.WeeklyDisplayLogicTest" time="0.017"/>
  <testcase name="filterNearDuplicates keeps events beyond 15 minute window" classname="ai.dcar.caldatewidget.WeeklyDisplayLogicTest" time="0.014"/>
  <testcase name="filterNearDuplicates does not match distinct short titles" classname="ai.dcar.caldatewidget.WeeklyDisplayLogicTest" time="0.011"/>
  <testcase name="filterNearDuplicates hides event with same start time and title" classname="ai.dcar.caldatewidget.WeeklyDisplayLogicTest" time="0.011"/>
  <testcase name="filterNearDuplicates handles single event" classname="ai.dcar.caldatewidget.WeeklyDisplayLogicTest" time="0.012"/>
  <testcase name="filterNearDuplicates matches short titles with majority match" classname="ai.dcar.caldatewidget.WeeklyDisplayLogicTest" time="0.01"/>
  <testcase name="getStartDate returns today if today matches start day" classname="ai.dcar.caldatewidget.WeeklyDisplayLogicTest" time="0.008"/>
  <testcase name="shouldShowStartTimes handles single event with plenty of space" classname="ai.dcar.caldatewidget.WeeklyDisplayLogicTest" time="0.009"/>
  <testcase name="filterNearDuplicates matches events with at least 5 common words" classname="ai.dcar.caldatewidget.WeeklyDisplayLogicTest" time="0.013"/>
  <testcase name="getMaxLinesForCurrentDayEvent distributes space equitably for future events when clipping" classname="ai.dcar.caldatewidget.WeeklyDisplayLogicTest" time="0.013"/>
  <testcase name="filterNearDuplicates matches events within 15 minute window" classname="ai.dcar.caldatewidget.WeeklyDisplayLogicTest" time="0.009"/>
  <testcase name="getMaxLinesForCurrentDayEvent caps current future events when clipping" classname="ai.dcar.caldatewidget.WeeklyDisplayLogicTest" time="0.009"/>
  <testcase name="filterNearDuplicates returns original list when no duplicates" classname="ai.dcar.caldatewidget.WeeklyDisplayLogicTest" time="0.009"/>
  <testcase name="getMaxLinesForCurrentDayEvent returns 1 line for past events even when no clipping" classname="ai.dcar.caldatewidget.WeeklyDisplayLogicTest" time="0.008"/>
  <testcase name="filterNearDuplicates uses case-insensitive word matching" classname="ai.dcar.caldatewidget.WeeklyDisplayLogicTest" time="0.008"/>
  <testcase name="filterNearDuplicates matches short titles with partial majority" classname="ai.dcar.caldatewidget.WeeklyDisplayLogicTest" time="0.019"/>
  <system-out><![CDATA[]]></system-out>
  <system-err><![CDATA[System.logW: A resource was acquired at attached stack trace but never released. See java.io.Closeable for information on avoiding resource leaks.
java.lang.Throwable: Explicit termination method 'close' not called
	at dalvik.system.CloseGuard.$$robo$$dalvik_system_CloseGuard$openWithCallSite(CloseGuard.java:288)
	at dalvik.system.CloseGuard.openWithCallSite(CloseGuard.java)
	at dalvik.system.CloseGuard.$$robo$$dalvik_system_CloseGuard$open(CloseGuard.java:257)
	at java.base/jdk.internal.reflect.DirectMethodHandleAccessor.invoke(DirectMethodHandleAccessor.java:103)
	at java.base/java.lang.reflect.Method.invoke(Method.java:580)
	at org.robolectric.shadows.ShadowCloseGuard$CloseGuardReflector$$Reflector36.open(Unknown Source)
	at org.robolectric.shadows.ShadowCloseGuard.open(ShadowCloseGuard.java:38)
	at dalvik.system.CloseGuard.open(CloseGuard.java)
	at android.database.sqlite.SQLiteDatabase.$$robo$$android_database_sqlite_SQLiteDatabase$openInner(SQLiteDatabase.java:1088)
	at android.database.sqlite.SQLiteDatabase.openInner(SQLiteDatabase.java)
	at android.database.sqlite.SQLiteDatabase.$$robo$$android_database_sqlite_SQLiteDatabase$open(SQLiteDatabase.java:1067)
	at android.database.sqlite.SQLiteDatabase.open(SQLiteDatabase.java)
	at android.database.sqlite.SQLiteDatabase.$$robo$$android_database_sqlite_SQLiteDatabase$openDatabase(SQLiteDatabase.java:931)
	at android.database.sqlite.SQLiteDatabase.openDatabase(SQLiteDatabase.java)
	at android.database.sqlite.SQLiteDatabase.$$robo$$android_database_sqlite_SQLiteDatabase$createInMemory(SQLiteDatabase.java:1127)
	at android.database.sqlite.SQLiteDatabase.createInMemory(SQLiteDatabase.java)
	at android.database.sqlite.SQLiteOpenHelper.$$robo$$android_database_sqlite_SQLiteOpenHelper$getDatabaseLocked(SQLiteOpenHelper.java:368)
	at android.database.sqlite.SQLiteOpenHelper.getDatabaseLocked(SQLiteOpenHelper.java)
	at android.database.sqlite.SQLiteOpenHelper.$$robo$$android_database_sqlite_SQLiteOpenHelper$getWritableDatabase(SQLiteOpenHelper.java:316)
	at android.database.sqlite.SQLiteOpenHelper.getWritableDatabase(SQLiteOpenHelper.java)
	at androidx.sqlite.db.framework.FrameworkSQLiteOpenHelper$OpenHelper.getWritableOrReadableDatabase(FrameworkSQLiteOpenHelper.kt:231)
	at androidx.sqlite.db.framework.FrameworkSQLiteOpenHelper$OpenHelper.innerGetDatabase(FrameworkSQLiteOpenHelper.kt:176)
	at androidx.sqlite.db.framework.FrameworkSQLiteOpenHelper$OpenHelper.getSupportDatabase(FrameworkSQLiteOpenHelper.kt:151)
	at androidx.sqlite.db.framework.FrameworkSQLiteOpenHelper.getWritableDatabase(FrameworkSQLiteOpenHelper.kt:104)
	at androidx.room.RoomDatabase.inTransaction(RoomDatabase.kt:629)
	at androidx.room.RoomDatabase.assertNotSuspendingTransaction(RoomDatabase.kt:448)
	at androidx.work.impl.model.SystemIdInfoDao_Impl.getWorkSpecIds(SystemIdInfoDao_Impl.java:165)
	at androidx.work.impl.background.systemjob.SystemJobScheduler.reconcileJobs(SystemJobScheduler.java:310)
	at androidx.work.impl.utils.ForceStopRunnable.cleanUp(ForceStopRunnable.java:289)
	at androidx.work.impl.utils.ForceStopRunnable.forceStopRunnable(ForceStopRunnable.java:252)
	at androidx.work.impl.utils.ForceStopRunnable.run(ForceStopRunnable.java:135)
	at androidx.work.impl.utils.SerialExecutorImpl$Task.run(SerialExecutorImpl.java:96)
	at androidx.work.testing.SynchronousExecutor.execute(SynchronousExecutor.java:30)
	at androidx.work.impl.utils.SerialExecutorImpl.scheduleNext(SerialExecutorImpl.java:60)
	at androidx.work.impl.utils.SerialExecutorImpl.execute(SerialExecutorImpl.java:51)
	at androidx.work.impl.utils.taskexecutor.TaskExecutor.executeOnTaskThread(TaskExecutor.java:46)
	at androidx.work.impl.WorkManagerImpl.<init>(WorkManagerImpl.java:252)
	at androidx.work.impl.WorkManagerImplExtKt.createWorkManager(WorkManagerImplExt.kt:49)
	at androidx.work.impl.WorkManagerImplExtKt.createWorkManager$default(WorkManagerImplExt.kt:29)
	at androidx.work.testing.TestWorkManagerImplKt.createTestWorkManagerImpl(TestWorkManagerImpl.kt:45)
	at androidx.work.testing.WorkManagerTestInitHelper.initializeTestWorkManager(WorkManagerTestInitHelper.java:131)
	at androidx.work.testing.WorkManagerTestInitHelper.initializeTestWorkManager(WorkManagerTestInitHelper.java:64)
	at androidx.work.testing.WorkManagerTestInitHelper.initializeTestWorkManager(WorkManagerTestInitHelper.java:50)
	at ai.dcar.caldatewidget.WeeklyConfigActivityTest.setup(WeeklyConfigActivityTest.kt:33)
	at java.base/jdk.internal.reflect.DirectMethodHandleAccessor.invoke(DirectMethodHandleAccessor.java:103)
	at java.base/java.lang.reflect.Method.invoke(Method.java:580)
	at org.junit.runners.model.FrameworkMethod$1.runReflectiveCall(FrameworkMethod.java:59)
	at org.junit.internal.runners.model.ReflectiveCallable.run(ReflectiveCallable.java:12)
	at org.junit.runners.model.FrameworkMethod.invokeExplosively(FrameworkMethod.java:56)
	at org.junit.internal.runners.statements.RunBefores.invokeMethod(RunBefores.java:33)
	at org.junit.internal.runners.statements.RunBefores.evaluate(RunBefores.java:24)
	at org.junit.runners.ParentRunner$3.evaluate(ParentRunner.java:306)
	at org.robolectric.RobolectricTestRunner$HelperTestRunner$1.evaluate(RobolectricTestRunner.java:588)
	at org.robolectric.internal.SandboxTestRunner$2.lambda$evaluate$2(SandboxTestRunner.java:290)
	at org.robolectric.internal.bytecode.Sandbox.lambda$runOnMainThread$0(Sandbox.java:101)
	at java.base/java.util.concurrent.FutureTask.run(FutureTask.java:317)
	at java.base/java.util.concurrent.ThreadPoolExecutor.runWorker(ThreadPoolExecutor.java:1144)
	at java.base/java.util.concurrent.ThreadPoolExecutor$Worker.run(ThreadPoolExecutor.java:642)
	at java.base/java.lang.Thread.run(Thread.java:1583)

System.logW: A resource was acquired at attached stack trace but never released. See java.io.Closeable for information on avoiding resource leaks.
java.lang.Throwable: Explicit termination method 'SQLiteConnection.close' not called
	at dalvik.system.CloseGuard.$$robo$$dalvik_system_CloseGuard$openWithCallSite(CloseGuard.java:288)
	at dalvik.system.CloseGuard.openWithCallSite(CloseGuard.java)
	at dalvik.system.CloseGuard.$$robo$$dalvik_system_CloseGuard$open(CloseGuard.java:257)
	at java.base/jdk.internal.reflect.DirectMethodHandleAccessor.invoke(DirectMethodHandleAccessor.java:103)
	at java.base/java.lang.reflect.Method.invoke(Method.java:580)
	at org.robolectric.shadows.ShadowCloseGuard$CloseGuardReflector$$Reflector36.open(Unknown Source)
	at org.robolectric.shadows.ShadowCloseGuard.open(ShadowCloseGuard.java:38)
	at dalvik.system.CloseGuard.open(CloseGuard.java)
	at android.database.sqlite.SQLiteConnection.$$robo$$android_database_sqlite_SQLiteConnection$__constructor__(SQLiteConnection.java:182)
	at android.database.sqlite.SQLiteConnection.<init>(SQLiteConnection.java:173)
	at android.database.sqlite.SQLiteConnection.$$robo$$android_database_sqlite_SQLiteConnection$open(SQLiteConnection.java:202)
	at android.database.sqlite.SQLiteConnection.open(SQLiteConnection.java)
	at android.database.sqlite.SQLiteConnectionPool.$$robo$$android_database_sqlite_SQLiteConnectionPool$openConnectionLocked(SQLiteConnectionPool.java:528)
	at android.database.sqlite.SQLiteConnectionPool.openConnectionLocked(SQLiteConnectionPool.java)
	at android.database.sqlite.SQLiteConnectionPool.$$robo$$android_database_sqlite_SQLiteConnectionPool$open(SQLiteConnectionPool.java:215)
	at android.database.sqlite.SQLiteConnectionPool.open(SQLiteConnectionPool.java)
	at android.database.sqlite.SQLiteConnectionPool.$$robo$$android_database_sqlite_SQLiteConnectionPool$open(SQLiteConnectionPool.java:207)
	at android.database.sqlite.SQLiteConnectionPool.open(SQLiteConnectionPool.java)
	at android.database.sqlite.SQLiteDatabase.$$robo$$android_database_sqlite_SQLiteDatabase$openInner(SQLiteDatabase.java:1087)
	at android.database.sqlite.SQLiteDatabase.openInner(SQLiteDatabase.java)
	at android.database.sqlite.SQLiteDatabase.$$robo$$android_database_sqlite_SQLiteDatabase$open(SQLiteDatabase.java:1067)
	at android.database.sqlite.SQLiteDatabase.open(SQLiteDatabase.java)
	at android.database.sqlite.SQLiteDatabase.$$robo$$android_database_sqlite_SQLiteDatabase$openDatabase(SQLiteDatabase.java:931)
	at android.database.sqlite.SQLiteDatabase.openDatabase(SQLiteDatabase.java)
	at android.database.sqlite.SQLiteDatabase.$$robo$$android_database_sqlite_SQLiteDatabase$createInMemory(SQLiteDatabase.java:1127)
	at android.database.sqlite.SQLiteDatabase.createInMemory(SQLiteDatabase.java)
	at android.database.sqlite.SQLiteOpenHelper.$$robo$$android_database_sqlite_SQLiteOpenHelper$getDatabaseLocked(SQLiteOpenHelper.java:368)
	at android.database.sqlite.SQLiteOpenHelper.getDatabaseLocked(SQLiteOpenHelper.java)
	at android.database.sqlite.SQLiteOpenHelper.$$robo$$android_database_sqlite_SQLiteOpenHelper$getWritableDatabase(SQLiteOpenHelper.java:316)
	at android.database.sqlite.SQLiteOpenHelper.getWritableDatabase(SQLiteOpenHelper.java)
	at androidx.sqlite.db.framework.FrameworkSQLiteOpenHelper$OpenHelper.getWritableOrReadableDatabase(FrameworkSQLiteOpenHelper.kt:231)
	at androidx.sqlite.db.framework.FrameworkSQLiteOpenHelper$OpenHelper.innerGetDatabase(FrameworkSQLiteOpenHelper.kt:176)
	at androidx.sqlite.db.framework.FrameworkSQLiteOpenHelper$OpenHelper.getSupportDatabase(FrameworkSQLiteOpenHelper.kt:151)
	at androidx.sqlite.db.framework.FrameworkSQLiteOpenHelper.getWritableDatabase(FrameworkSQLiteOpenHelper.kt:104)
	at androidx.room.RoomDatabase.inTransaction(RoomDatabase.kt:629)
	at androidx.room.RoomDatabase.assertNotSuspendingTransaction(RoomDatabase.kt:448)
	at androidx.work.impl.model.SystemIdInfoDao_Impl.getWorkSpecIds(SystemIdInfoDao_Impl.java:165)
	at androidx.work.impl.background.systemjob.SystemJobScheduler.reconcileJobs(SystemJobScheduler.java:310)
	at androidx.work.impl.utils.ForceStopRunnable.cleanUp(ForceStopRunnable.java:289)
	at androidx.work.impl.utils.ForceStopRunnable.forceStopRunnable(ForceStopRunnable.java:252)
	at androidx.work.impl.utils.ForceStopRunnable.run(ForceStopRunnable.java:135)
	at androidx.work.impl.utils.SerialExecutorImpl$Task.run(SerialExecutorImpl.java:96)
	at androidx.work.testing.SynchronousExecutor.execute(SynchronousExecutor.java:30)
	at androidx.work.impl.utils.SerialExecutorImpl.scheduleNext(SerialExecutorImpl.java:60)
	at androidx.work.impl.utils.SerialExecutorImpl.execute(SerialExecutorImpl.java:51)
	at androidx.work.impl.utils.taskexecutor.TaskExecutor.executeOnTaskThread(TaskExecutor.java:46)
	at androidx.work.impl.WorkManagerImpl.<init>(WorkManagerImpl.java:252)
	at androidx.work.impl.WorkManagerImplExtKt.createWorkManager(WorkManagerImplExt.kt:49)
	at androidx.work.impl.WorkManagerImplExtKt.createWorkManager$default(WorkManagerImplExt.kt:29)
	at androidx.work.testing.TestWorkManagerImplKt.createTestWorkManagerImpl(TestWorkManagerImpl.kt:45)
	at androidx.work.testing.WorkManagerTestInitHelper.initializeTestWorkManager(WorkManagerTestInitHelper.java:131)
	at androidx.work.testing.WorkManagerTestInitHelper.initializeTestWorkManager(WorkManagerTestInitHelper.java:64)
	at androidx.work.testing.WorkManagerTestInitHelper.initializeTestWorkManager(WorkManagerTestInitHelper.java:50)
	at ai.dcar.caldatewidget.ConfigActivityTest.setup(ConfigActivityTest.kt:34)
	at java.base/jdk.internal.reflect.DirectMethodHandleAccessor.invoke(DirectMethodHandleAccessor.java:103)
	at java.base/java.lang.reflect.Method.invoke(Method.java:580)
	at org.junit.runners.model.FrameworkMethod$1.runReflectiveCall(FrameworkMethod.java:59)
	at org.junit.internal.runners.model.ReflectiveCallable.run(ReflectiveCallable.java:12)
	at org.junit.runners.model.FrameworkMethod.invokeExplosively(FrameworkMethod.java:56)
	at org.junit.internal.runners.statements.RunBefores.invokeMethod(RunBefores.java:33)
	at org.junit.internal.runners.statements.RunBefores.evaluate(RunBefores.java:24)
	at org.junit.runners.ParentRunner$3.evaluate(ParentRunner.java:306)
	at org.robolectric.RobolectricTestRunner$HelperTestRunner$1.evaluate(RobolectricTestRunner.java:588)
	at org.robolectric.internal.SandboxTestRunner$2.lambda$evaluate$2(SandboxTestRunner.java:290)
	at org.robolectric.internal.bytecode.Sandbox.lambda$runOnMainThread$0(Sandbox.java:101)
	at java.base/java.util.concurrent.FutureTask.run(FutureTask.java:317)
	at java.base/java.util.concurrent.ThreadPoolExecutor.runWorker(ThreadPoolExecutor.java:1144)
	at java.base/java.util.concurrent.ThreadPoolExecutor$Worker.run(ThreadPoolExecutor.java:642)
	at java.base/java.lang.Thread.run(Thread.java:1583)

System.logW: A resource was acquired at attached stack trace but never released. See java.io.Closeable for information on avoiding resource leaks.
java.lang.Throwable: Explicit termination method 'SQLiteConnectionPool.close' not called
	at dalvik.system.CloseGuard.$$robo$$dalvik_system_CloseGuard$openWithCallSite(CloseGuard.java:288)
	at dalvik.system.CloseGuard.openWithCallSite(CloseGuard.java)
	at dalvik.system.CloseGuard.$$robo$$dalvik_system_CloseGuard$open(CloseGuard.java:257)
	at java.base/jdk.internal.reflect.DirectMethodHandleAccessor.invoke(DirectMethodHandleAccessor.java:103)
	at java.base/java.lang.reflect.Method.invoke(Method.java:580)
	at org.robolectric.shadows.ShadowCloseGuard$CloseGuardReflector$$Reflector36.open(Unknown Source)
	at org.robolectric.shadows.ShadowCloseGuard.open(ShadowCloseGuard.java:38)
	at dalvik.system.CloseGuard.open(CloseGuard.java)
	at android.database.sqlite.SQLiteConnectionPool.$$robo$$android_database_sqlite_SQLiteConnectionPool$open(SQLiteConnectionPool.java:226)
	at android.database.sqlite.SQLiteConnectionPool.open(SQLiteConnectionPool.java)
	at android.database.sqlite.SQLiteConnectionPool.$$robo$$android_database_sqlite_SQLiteConnectionPool$open(SQLiteConnectionPool.java:207)
	at android.database.sqlite.SQLiteConnectionPool.open(SQLiteConnectionPool.java)
	at android.database.sqlite.SQLiteDatabase.$$robo$$android_database_sqlite_SQLiteDatabase$openInner(SQLiteDatabase.java:1087)
	at android.database.sqlite.SQLiteDatabase.openInner(SQLiteDatabase.java)
	at android.database.sqlite.SQLiteDatabase.$$robo$$android_database_sqlite_SQLiteDatabase$open(SQLiteDatabase.java:1067)
	at android.database.sqlite.SQLiteDatabase.open(SQLiteDatabase.java)
	at android.database.sqlite.SQLiteDatabase.$$robo$$android_database_sqlite_SQLiteDatabase$openDatabase(SQLiteDatabase.java:931)
	at android.database.sqlite.SQLiteDatabase.openDatabase(SQLiteDatabase.java)
	at android.database.sqlite.SQLiteDatabase.$$robo$$android_database_sqlite_SQLiteDatabase$createInMemory(SQLiteDatabase.java:1127)
	at android.database.sqlite.SQLiteDatabase.createInMemory(SQLiteDatabase.java)
	at android.database.sqlite.SQLiteOpenHelper.$$robo$$android_database_sqlite_SQLiteOpenHelper$getDatabaseLocked(SQLiteOpenHelper.java:368)
	at android.database.sqlite.SQLiteOpenHelper.getDatabaseLocked(SQLiteOpenHelper.java)
	at android.database.sqlite.SQLiteOpenHelper.$$robo$$android_database_sqlite_SQLiteOpenHelper$getWritableDatabase(SQLiteOpenHelper.java:316)
	at android.database.sqlite.SQLiteOpenHelper.getWritableDatabase(SQLiteOpenHelper.java)
	at androidx.sqlite.db.framework.FrameworkSQLiteOpenHelper$OpenHelper.getWritableOrReadableDatabase(FrameworkSQLiteOpenHelper.kt:231)
	at androidx.sqlite.db.framework.FrameworkSQLiteOpenHelper$OpenHelper.innerGetDatabase(FrameworkSQLiteOpenHelper.kt:176)
	at androidx.sqlite.db.framework.FrameworkSQLiteOpenHelper$OpenHelper.getSupportDatabase(FrameworkSQLiteOpenHelper.kt:151)
	at androidx.sqlite.db.framework.FrameworkSQLiteOpenHelper.getWritableDatabase(FrameworkSQLiteOpenHelper.kt:104)
	at androidx.room.RoomDatabase.inTransaction(RoomDatabase.kt:629)
	at androidx.room.RoomDatabase.assertNotSuspendingTransaction(RoomDatabase.kt:448)
	at androidx.work.impl.model.SystemIdInfoDao_Impl.getWorkSpecIds(SystemIdInfoDao_Impl.java:165)
	at androidx.work.impl.background.systemjob.SystemJobScheduler.reconcileJobs(SystemJobScheduler.java:310)
	at androidx.work.impl.utils.ForceStopRunnable.cleanUp(ForceStopRunnable.java:289)
	at androidx.work.impl.utils.ForceStopRunnable.forceStopRunnable(ForceStopRunnable.java:252)
	at androidx.work.impl.utils.ForceStopRunnable.run(ForceStopRunnable.java:135)
	at androidx.work.impl.utils.SerialExecutorImpl$Task.run(SerialExecutorImpl.java:96)
	at androidx.work.testing.SynchronousExecutor.execute(SynchronousExecutor.java:30)
	at androidx.work.impl.utils.SerialExecutorImpl.scheduleNext(SerialExecutorImpl.java:60)
	at androidx.work.impl.utils.SerialExecutorImpl.execute(SerialExecutorImpl.java:51)
	at androidx.work.impl.utils.taskexecutor.TaskExecutor.executeOnTaskThread(TaskExecutor.java:46)
	at androidx.work.impl.WorkManagerImpl.<init>(WorkManagerImpl.java:252)
	at androidx.work.impl.WorkManagerImplExtKt.createWorkManager(WorkManagerImplExt.kt:49)
	at androidx.work.impl.WorkManagerImplExtKt.createWorkManager$default(WorkManagerImplExt.kt:29)
	at androidx.work.testing.TestWorkManagerImplKt.createTestWorkManagerImpl(TestWorkManagerImpl.kt:45)
	at androidx.work.testing.WorkManagerTestInitHelper.initializeTestWorkManager(WorkManagerTestInitHelper.java:131)
	at androidx.work.testing.WorkManagerTestInitHelper.initializeTestWorkManager(WorkManagerTestInitHelper.java:64)
	at androidx.work.testing.WorkManagerTestInitHelper.initializeTestWorkManager(WorkManagerTestInitHelper.java:50)
	at ai.dcar.caldatewidget.ConfigActivityTest.setup(ConfigActivityTest.kt:34)
	at java.base/jdk.internal.reflect.DirectMethodHandleAccessor.invoke(DirectMethodHandleAccessor.java:103)
	at java.base/java.lang.reflect.Method.invoke(Method.java:580)
	at org.junit.runners.model.FrameworkMethod$1.runReflectiveCall(FrameworkMethod.java:59)
	at org.junit.internal.runners.model.ReflectiveCallable.run(ReflectiveCallable.java:12)
	at org.junit.runners.model.FrameworkMethod.invokeExplosively(FrameworkMethod.java:56)
	at org.junit.internal.runners.statements.RunBefores.invokeMethod(RunBefores.java:33)
	at org.junit.internal.runners.statements.RunBefores.evaluate(RunBefores.java:24)
	at org.junit.runners.ParentRunner$3.evaluate(ParentRunner.java:306)
	at org.robolectric.RobolectricTestRunner$HelperTestRunner$1.evaluate(RobolectricTestRunner.java:588)
	at org.robolectric.internal.SandboxTestRunner$2.lambda$evaluate$2(SandboxTestRunner.java:290)
	at org.robolectric.internal.bytecode.Sandbox.lambda$runOnMainThread$0(Sandbox.java:101)
	at java.base/java.util.concurrent.FutureTask.run(FutureTask.java:317)
	at java.base/java.util.concurrent.ThreadPoolExecutor.runWorker(ThreadPoolExecutor.java:1144)
	at java.base/java.util.concurrent.ThreadPoolExecutor$Worker.run(ThreadPoolExecutor.java:642)
	at java.base/java.lang.Thread.run(Thread.java:1583)

]]></system-err>
</testsuite>
