<?xml version="1.0" encoding="UTF-8"?>
<testsuite name="ai.dcar.caldatewidget.WidgetRenderingHelperTest" tests="4" skipped="0" failures="0" errors="0" timestamp="2026-02-01T22:28:34.851Z" hostname="bosgame" time="0.108">
  <properties/>
  <testcase name="measureTotalHeightForScale enforces minimum scale 0_5f for declined events" classname="ai.dcar.caldatewidget.WidgetRenderingHelperTest" time="0.034"/>
  <testcase name="measureTotalHeightForScale enforces minimum scale 0_7f for normal events" classname="ai.dcar.caldatewidget.WidgetRenderingHelperTest" time="0.016"/>
  <testcase name="calculateOptimalFontScale triggers compression when content does not fit normally" classname="ai.dcar.caldatewidget.WidgetRenderingHelperTest" time="0.043"/>
  <testcase name="calculateOptimalFontScale returns normal scale when content fits" classname="ai.dcar.caldatewidget.WidgetRenderingHelperTest" time="0.015"/>
  <system-out><![CDATA[]]></system-out>
  <system-err><![CDATA[]]></system-err>
</testsuite>
