<?xml version="1.0" encoding="UTF-8"?>
<testsuite name="ai.dcar.caldatewidget.TextOverlapTest" tests="8" skipped="0" failures="0" errors="0" timestamp="2026-02-01T22:28:32.209Z" hostname="bosgame" time="1.023">
  <properties/>
  <testcase name="past event on current day consumed height uses layout height not line height" classname="ai.dcar.caldatewidget.TextOverlapTest" time="0.884"/>
  <testcase name="multi-line past event on current day consumed height should use layout height" classname="ai.dcar.caldatewidget.TextOverlapTest" time="0.023"/>
  <testcase name="event on non-today day consumed height matches actual layout height" classname="ai.dcar.caldatewidget.TextOverlapTest" time="0.021"/>
  <testcase name="past event followed by current event on current day does not overlap" classname="ai.dcar.caldatewidget.TextOverlapTest" time="0.018"/>
  <testcase name="consecutive past events on current day do not overlap" classname="ai.dcar.caldatewidget.TextOverlapTest" time="0.019"/>
  <testcase name="current event on current day consumed height matches actual layout height" classname="ai.dcar.caldatewidget.TextOverlapTest" time="0.017"/>
  <testcase name="bug demonstration lineHeight approach can cause overlap" classname="ai.dcar.caldatewidget.TextOverlapTest" time="0.016"/>
  <testcase name="overlapping detection when past events have smaller font than current events" classname="ai.dcar.caldatewidget.TextOverlapTest" time="0.023"/>
  <system-out><![CDATA[Past event on current day:
  Text: 'Past Event'
  TextSize: 38.4
  Layout height: 35
  LineHeight: 46.08
  Spacing: 3.8400002
  Consumed height (old code using lineHeight): 49.920002
  Consumed height (fixed code using layout.height): 38.84
Multi-line past event (capped to 1 line):
  Text: 'This is a very long past event title that will wrap across multiple lines'
  TextSize: 38.4
  Layout height: 35
  Layout line count: 1
  LineHeight: 46.08
  Spacing: 3.8400002
  Consumed height: 49.920002
Event on non-today day:
  Text: 'Non-today Event'
  TextSize: 48.0
  Layout height: 35
  Spacing: 9.6
  Consumed height: 44.6
Past event followed by current event:
  Past: 'Past Event', yPos=0.0, height=35, consumed=49.920002
  Current: 'Current Event That Might Wrap To Multiple Lines', yPos=49.920002, height=35, consumed=39.8
  Gap between events: 14.920002
Consecutive past events:
  Event 1: 'First Past Event', yPos=0.0, height=35
  Event 2: 'Second Past Event', yPos=49.920002, height=35
  Gap between events: 14.920002
Current event on current day:
  Text: 'Current Event'
  TextSize: 48.0
  Layout height: 35
  Spacing: 4.8
  Consumed height: 39.8
Bug demonstration:
  Layout height: 35
  LineHeight: 46.08
  Consumed height (old): 49.920002
  Consumed height (new): 38.84
  ✓ No overlap in this case
Scale difference scenario:
  Past scale: 0.8, textSize: 38.4, layout height: 35
  Current scale: 1.0, textSize: 48.0, layout height: 35
  Consumed height past: 49.920002
  yPos past: 0.0, yPos current: 49.920002
  Gap: 14.920002
]]></system-out>
  <system-err><![CDATA[]]></system-err>
</testsuite>
