<?xml version="1.0" encoding="UTF-8"?>
<testsuite name="ai.dcar.caldatewidget.TextOverlapTest" tests="8" skipped="0" failures="0" errors="0" timestamp="2026-02-02T23:05:33.993Z" hostname="bosgame" time="1.242">
  <properties/>
  <testcase name="past event on current day consumed height uses layout height not line height" classname="ai.dcar.caldatewidget.TextOverlapTest" time="1.033"/>
  <testcase name="multi-line past event on current day consumed height should use layout height" classname="ai.dcar.caldatewidget.TextOverlapTest" time="0.034"/>
  <testcase name="event on non-today day consumed height matches actual layout height" classname="ai.dcar.caldatewidget.TextOverlapTest" time="0.047"/>
  <testcase name="past event followed by current event on current day does not overlap" classname="ai.dcar.caldatewidget.TextOverlapTest" time="0.025"/>
  <testcase name="consecutive past events on current day do not overlap" classname="ai.dcar.caldatewidget.TextOverlapTest" time="0.026"/>
  <testcase name="current event on current day consumed height matches actual layout height" classname="ai.dcar.caldatewidget.TextOverlapTest" time="0.025"/>
  <testcase name="bug demonstration lineHeight approach can cause overlap" classname="ai.dcar.caldatewidget.TextOverlapTest" time="0.023"/>
  <testcase name="overlapping detection when past events have smaller font than current events" classname="ai.dcar.caldatewidget.TextOverlapTest" time="0.029"/>
  <system-out><![CDATA[Past event on current day:
  Text: 'Past Event'
  TextSize: 38.4
  Layout height: 35
  LineHeight: 46.08
  Spacing: 3.8400002
  Consumed height (old code using lineHeight): 49.920002
  Consumed height (fixed code using layout.height): 38.84
Multi-line past event (capped to 1 line):
  Text: 'This is a very long past event title that will wrap across multiple lines'
  TextSize: 38.4
  Layout height: 35
  Layout line count: 1
  LineHeight: 46.08
  Spacing: 3.8400002
  Consumed height: 49.920002
Event on non-today day:
  Text: 'Non-today Event'
  TextSize: 48.0
  Layout height: 35
  Spacing: 9.6
  Consumed height: 44.6
Past event followed by current event:
  Past: 'Past Event', yPos=0.0, height=35, consumed=49.920002
  Current: 'Current Event That Might Wrap To Multiple Lines', yPos=49.920002, height=35, consumed=39.8
  Gap between events: 14.920002
Consecutive past events:
  Event 1: 'First Past Event', yPos=0.0, height=35
  Event 2: 'Second Past Event', yPos=49.920002, height=35
  Gap between events: 14.920002
Current event on current day:
  Text: 'Current Event'
  TextSize: 48.0
  Layout height: 35
  Spacing: 4.8
  Consumed height: 39.8
Bug demonstration:
  Layout height: 35
  LineHeight: 46.08
  Consumed height (old): 49.920002
  Consumed height (new): 38.84
  ✓ No overlap in this case
Scale difference scenario:
  Past scale: 0.8, textSize: 38.4, layout height: 35
  Current scale: 1.0, textSize: 48.0, layout height: 35
  Consumed height past: 49.920002
  yPos past: 0.0, yPos current: 49.920002
  Gap: 14.920002
]]></system-out>
  <system-err><![CDATA[System.logW: A resource was acquired at attached stack trace but never released. See java.io.Closeable for information on avoiding resource leaks.
java.lang.Throwable: Explicit termination method 'close' not called
	at dalvik.system.CloseGuard.$$robo$$dalvik_system_CloseGuard$openWithCallSite(CloseGuard.java:288)
	at dalvik.system.CloseGuard.openWithCallSite(CloseGuard.java)
	at dalvik.system.CloseGuard.$$robo$$dalvik_system_CloseGuard$open(CloseGuard.java:257)
	at java.base/jdk.internal.reflect.DirectMethodHandleAccessor.invoke(DirectMethodHandleAccessor.java:103)
	at java.base/java.lang.reflect.Method.invoke(Method.java:580)
	at org.robolectric.shadows.ShadowCloseGuard$CloseGuardReflector$$Reflector36.open(Unknown Source)
	at org.robolectric.shadows.ShadowCloseGuard.open(ShadowCloseGuard.java:38)
	at dalvik.system.CloseGuard.open(CloseGuard.java)
	at android.database.sqlite.SQLiteDatabase.$$robo$$android_database_sqlite_SQLiteDatabase$openInner(SQLiteDatabase.java:1088)
	at android.database.sqlite.SQLiteDatabase.openInner(SQLiteDatabase.java)
	at android.database.sqlite.SQLiteDatabase.$$robo$$android_database_sqlite_SQLiteDatabase$open(SQLiteDatabase.java:1067)
	at android.database.sqlite.SQLiteDatabase.open(SQLiteDatabase.java)
	at android.database.sqlite.SQLiteDatabase.$$robo$$android_database_sqlite_SQLiteDatabase$openDatabase(SQLiteDatabase.java:931)
	at android.database.sqlite.SQLiteDatabase.openDatabase(SQLiteDatabase.java)
	at android.database.sqlite.SQLiteDatabase.$$robo$$android_database_sqlite_SQLiteDatabase$createInMemory(SQLiteDatabase.java:1127)
	at android.database.sqlite.SQLiteDatabase.createInMemory(SQLiteDatabase.java)
	at android.database.sqlite.SQLiteOpenHelper.$$robo$$android_database_sqlite_SQLiteOpenHelper$getDatabaseLocked(SQLiteOpenHelper.java:368)
	at android.database.sqlite.SQLiteOpenHelper.getDatabaseLocked(SQLiteOpenHelper.java)
	at android.database.sqlite.SQLiteOpenHelper.$$robo$$android_database_sqlite_SQLiteOpenHelper$getWritableDatabase(SQLiteOpenHelper.java:316)
	at android.database.sqlite.SQLiteOpenHelper.getWritableDatabase(SQLiteOpenHelper.java)
	at androidx.sqlite.db.framework.FrameworkSQLiteOpenHelper$OpenHelper.getWritableOrReadableDatabase(FrameworkSQLiteOpenHelper.kt:231)
	at androidx.sqlite.db.framework.FrameworkSQLiteOpenHelper$OpenHelper.innerGetDatabase(FrameworkSQLiteOpenHelper.kt:176)
	at androidx.sqlite.db.framework.FrameworkSQLiteOpenHelper$OpenHelper.getSupportDatabase(FrameworkSQLiteOpenHelper.kt:151)
	at androidx.sqlite.db.framework.FrameworkSQLiteOpenHelper.getWritableDatabase(FrameworkSQLiteOpenHelper.kt:104)
	at androidx.room.RoomDatabase.inTransaction(RoomDatabase.kt:629)
	at androidx.room.RoomDatabase.assertNotSuspendingTransaction(RoomDatabase.kt:448)
	at androidx.work.impl.model.SystemIdInfoDao_Impl.getWorkSpecIds(SystemIdInfoDao_Impl.java:165)
	at androidx.work.impl.background.systemjob.SystemJobScheduler.reconcileJobs(SystemJobScheduler.java:310)
	at androidx.work.impl.utils.ForceStopRunnable.cleanUp(ForceStopRunnable.java:289)
	at androidx.work.impl.utils.ForceStopRunnable.forceStopRunnable(ForceStopRunnable.java:252)
	at androidx.work.impl.utils.ForceStopRunnable.run(ForceStopRunnable.java:135)
	at androidx.work.impl.utils.SerialExecutorImpl$Task.run(SerialExecutorImpl.java:96)
	at androidx.work.testing.SynchronousExecutor.execute(SynchronousExecutor.java:30)
	at androidx.work.impl.utils.SerialExecutorImpl.scheduleNext(SerialExecutorImpl.java:60)
	at androidx.work.impl.utils.SerialExecutorImpl.execute(SerialExecutorImpl.java:51)
	at androidx.work.impl.utils.taskexecutor.TaskExecutor.executeOnTaskThread(TaskExecutor.java:46)
	at androidx.work.impl.WorkManagerImpl.<init>(WorkManagerImpl.java:252)
	at androidx.work.impl.WorkManagerImplExtKt.createWorkManager(WorkManagerImplExt.kt:49)
	at androidx.work.impl.WorkManagerImplExtKt.createWorkManager$default(WorkManagerImplExt.kt:29)
	at androidx.work.testing.TestWorkManagerImplKt.createTestWorkManagerImpl(TestWorkManagerImpl.kt:45)
	at androidx.work.testing.WorkManagerTestInitHelper.initializeTestWorkManager(WorkManagerTestInitHelper.java:131)
	at androidx.work.testing.WorkManagerTestInitHelper.initializeTestWorkManager(WorkManagerTestInitHelper.java:64)
	at androidx.work.testing.WorkManagerTestInitHelper.initializeTestWorkManager(WorkManagerTestInitHelper.java:50)
	at ai.dcar.caldatewidget.ConfigActivityTest.setup(ConfigActivityTest.kt:34)
	at java.base/jdk.internal.reflect.DirectMethodHandleAccessor.invoke(DirectMethodHandleAccessor.java:103)
	at java.base/java.lang.reflect.Method.invoke(Method.java:580)
	at org.junit.runners.model.FrameworkMethod$1.runReflectiveCall(FrameworkMethod.java:59)
	at org.junit.internal.runners.model.ReflectiveCallable.run(ReflectiveCallable.java:12)
	at org.junit.runners.model.FrameworkMethod.invokeExplosively(FrameworkMethod.java:56)
	at org.junit.internal.runners.statements.RunBefores.invokeMethod(RunBefores.java:33)
	at org.junit.internal.runners.statements.RunBefores.evaluate(RunBefores.java:24)
	at org.junit.runners.ParentRunner$3.evaluate(ParentRunner.java:306)
	at org.robolectric.RobolectricTestRunner$HelperTestRunner$1.evaluate(RobolectricTestRunner.java:588)
	at org.robolectric.internal.SandboxTestRunner$2.lambda$evaluate$2(SandboxTestRunner.java:290)
	at org.robolectric.internal.bytecode.Sandbox.lambda$runOnMainThread$0(Sandbox.java:101)
	at java.base/java.util.concurrent.FutureTask.run(FutureTask.java:317)
	at java.base/java.util.concurrent.ThreadPoolExecutor.runWorker(ThreadPoolExecutor.java:1144)
	at java.base/java.util.concurrent.ThreadPoolExecutor$Worker.run(ThreadPoolExecutor.java:642)
	at java.base/java.lang.Thread.run(Thread.java:1583)

]]></system-err>
</testsuite>
