<?xml version="1.0" encoding="UTF-8"?>
<testsuite name="ai.dcar.caldatewidget.WidgetRenderingHelperTest" tests="4" skipped="0" failures="0" errors="0" timestamp="2026-02-02T23:05:37.156Z" hostname="bosgame" time="0.129">
  <properties/>
  <testcase name="measureTotalHeightForScale enforces minimum scale 0_5f for declined events" classname="ai.dcar.caldatewidget.WidgetRenderingHelperTest" time="0.023"/>
  <testcase name="measureTotalHeightForScale enforces minimum scale 0_7f for normal events" classname="ai.dcar.caldatewidget.WidgetRenderingHelperTest" time="0.018"/>
  <testcase name="calculateOptimalFontScale triggers compression when content does not fit normally" classname="ai.dcar.caldatewidget.WidgetRenderingHelperTest" time="0.068"/>
  <testcase name="calculateOptimalFontScale returns normal scale when content fits" classname="ai.dcar.caldatewidget.WidgetRenderingHelperTest" time="0.02"/>
  <system-out><![CDATA[]]></system-out>
  <system-err><![CDATA[]]></system-err>
</testsuite>
