<?xml version="1.0" encoding="UTF-8"?>
<testsuite name="ai.dcar.caldatewidget.WeeklyConfigActivityTest" tests="2" skipped="0" failures="0" errors="0" timestamp="2026-02-01T22:28:33.235Z" hostname="bosgame" time="0.55">
  <properties/>
  <testcase name="week start spinner defaults to correct index" classname="ai.dcar.caldatewidget.WeeklyConfigActivityTest" time="0.353"/>
  <testcase name="weekly activity initializes correctly" classname="ai.dcar.caldatewidget.WeeklyConfigActivityTest" time="0.197"/>
  <system-out><![CDATA[]]></system-out>
  <system-err><![CDATA[java.lang.NullPointerException: Cannot read field "layoutId" because "widgetInfo" is null
	at org.robolectric.shadows.ShadowAppWidgetManager.canReapplyRemoteViews(ShadowAppWidgetManager.java:106)
	at org.robolectric.shadows.ShadowAppWidgetManager.updateAppWidget(ShadowAppWidgetManager.java:88)
	at android.appwidget.AppWidgetManager.updateAppWidget(AppWidgetManager.java)
	at ai.dcar.caldatewidget.WidgetUpdateWorker.updateWeeklyWidget(WidgetUpdateWorker.kt:69)
	at ai.dcar.caldatewidget.WidgetUpdateWorker.access$updateWeeklyWidget(WidgetUpdateWorker.kt:14)
	at ai.dcar.caldatewidget.WidgetUpdateWorker$doWork$2.invokeSuspend(WidgetUpdateWorker.kt:31)
	at kotlin.coroutines.jvm.internal.BaseContinuationImpl.resumeWith(ContinuationImpl.kt:33)
	at kotlinx.coroutines.DispatchedTask.run(DispatchedTask.kt:106)
	at kotlinx.coroutines.internal.LimitedDispatcher$Worker.run(LimitedDispatcher.kt:115)
	at kotlinx.coroutines.scheduling.TaskImpl.run(Tasks.kt:100)
	at kotlinx.coroutines.scheduling.CoroutineScheduler.runSafely(CoroutineScheduler.kt:584)
	at kotlinx.coroutines.scheduling.CoroutineScheduler$Worker.executeTask(CoroutineScheduler.kt:793)
	at kotlinx.coroutines.scheduling.CoroutineScheduler$Worker.runWorker(CoroutineScheduler.kt:697)
	at kotlinx.coroutines.scheduling.CoroutineScheduler$Worker.run(CoroutineScheduler.kt:684)
java.lang.NullPointerException: Cannot read field "layoutId" because "widgetInfo" is null
	at org.robolectric.shadows.ShadowAppWidgetManager.canReapplyRemoteViews(ShadowAppWidgetManager.java:106)
	at org.robolectric.shadows.ShadowAppWidgetManager.updateAppWidget(ShadowAppWidgetManager.java:88)
	at android.appwidget.AppWidgetManager.updateAppWidget(AppWidgetManager.java)
	at ai.dcar.caldatewidget.WidgetUpdateWorker.updateWeeklyWidget(WidgetUpdateWorker.kt:69)
	at ai.dcar.caldatewidget.WidgetUpdateWorker.access$updateWeeklyWidget(WidgetUpdateWorker.kt:14)
	at ai.dcar.caldatewidget.WidgetUpdateWorker$doWork$2.invokeSuspend(WidgetUpdateWorker.kt:31)
	at kotlin.coroutines.jvm.internal.BaseContinuationImpl.resumeWith(ContinuationImpl.kt:33)
	at kotlinx.coroutines.DispatchedTask.run(DispatchedTask.kt:106)
	at kotlinx.coroutines.internal.LimitedDispatcher$Worker.run(LimitedDispatcher.kt:115)
	at kotlinx.coroutines.scheduling.TaskImpl.run(Tasks.kt:100)
	at kotlinx.coroutines.scheduling.CoroutineScheduler.runSafely(CoroutineScheduler.kt:584)
	at kotlinx.coroutines.scheduling.CoroutineScheduler$Worker.executeTask(CoroutineScheduler.kt:793)
	at kotlinx.coroutines.scheduling.CoroutineScheduler$Worker.runWorker(CoroutineScheduler.kt:697)
	at kotlinx.coroutines.scheduling.CoroutineScheduler$Worker.run(CoroutineScheduler.kt:684)
System.logW: A resource was acquired at attached stack trace but never released. See java.io.Closeable for information on avoiding resource leaks.
java.lang.Throwable: Explicit termination method 'SQLiteConnection.close' not called
	at dalvik.system.CloseGuard.$$robo$$dalvik_system_CloseGuard$openWithCallSite(CloseGuard.java:288)
	at dalvik.system.CloseGuard.openWithCallSite(CloseGuard.java)
	at dalvik.system.CloseGuard.$$robo$$dalvik_system_CloseGuard$open(CloseGuard.java:257)
	at java.base/jdk.internal.reflect.DirectMethodHandleAccessor.invoke(DirectMethodHandleAccessor.java:103)
	at java.base/java.lang.reflect.Method.invoke(Method.java:580)
	at org.robolectric.shadows.ShadowCloseGuard$CloseGuardReflector$$Reflector36.open(Unknown Source)
	at org.robolectric.shadows.ShadowCloseGuard.open(ShadowCloseGuard.java:38)
	at dalvik.system.CloseGuard.open(CloseGuard.java)
	at android.database.sqlite.SQLiteConnection.$$robo$$android_database_sqlite_SQLiteConnection$__constructor__(SQLiteConnection.java:182)
	at android.database.sqlite.SQLiteConnection.<init>(SQLiteConnection.java:173)
	at android.database.sqlite.SQLiteConnection.$$robo$$android_database_sqlite_SQLiteConnection$open(SQLiteConnection.java:202)
	at android.database.sqlite.SQLiteConnection.open(SQLiteConnection.java)
	at android.database.sqlite.SQLiteConnectionPool.$$robo$$android_database_sqlite_SQLiteConnectionPool$openConnectionLocked(SQLiteConnectionPool.java:528)
	at android.database.sqlite.SQLiteConnectionPool.openConnectionLocked(SQLiteConnectionPool.java)
	at android.database.sqlite.SQLiteConnectionPool.$$robo$$android_database_sqlite_SQLiteConnectionPool$open(SQLiteConnectionPool.java:215)
	at android.database.sqlite.SQLiteConnectionPool.open(SQLiteConnectionPool.java)
	at android.database.sqlite.SQLiteConnectionPool.$$robo$$android_database_sqlite_SQLiteConnectionPool$open(SQLiteConnectionPool.java:207)
	at android.database.sqlite.SQLiteConnectionPool.open(SQLiteConnectionPool.java)
	at android.database.sqlite.SQLiteDatabase.$$robo$$android_database_sqlite_SQLiteDatabase$openInner(SQLiteDatabase.java:1087)
	at android.database.sqlite.SQLiteDatabase.openInner(SQLiteDatabase.java)
	at android.database.sqlite.SQLiteDatabase.$$robo$$android_database_sqlite_SQLiteDatabase$open(SQLiteDatabase.java:1067)
	at android.database.sqlite.SQLiteDatabase.open(SQLiteDatabase.java)
	at android.database.sqlite.SQLiteDatabase.$$robo$$android_database_sqlite_SQLiteDatabase$openDatabase(SQLiteDatabase.java:931)
	at android.database.sqlite.SQLiteDatabase.openDatabase(SQLiteDatabase.java)
	at android.database.sqlite.SQLiteDatabase.$$robo$$android_database_sqlite_SQLiteDatabase$createInMemory(SQLiteDatabase.java:1127)
	at android.database.sqlite.SQLiteDatabase.createInMemory(SQLiteDatabase.java)
	at android.database.sqlite.SQLiteOpenHelper.$$robo$$android_database_sqlite_SQLiteOpenHelper$getDatabaseLocked(SQLiteOpenHelper.java:368)
	at android.database.sqlite.SQLiteOpenHelper.getDatabaseLocked(SQLiteOpenHelper.java)
	at android.database.sqlite.SQLiteOpenHelper.$$robo$$android_database_sqlite_SQLiteOpenHelper$getWritableDatabase(SQLiteOpenHelper.java:316)
	at android.database.sqlite.SQLiteOpenHelper.getWritableDatabase(SQLiteOpenHelper.java)
	at androidx.sqlite.db.framework.FrameworkSQLiteOpenHelper$OpenHelper.getWritableOrReadableDatabase(FrameworkSQLiteOpenHelper.kt:231)
	at androidx.sqlite.db.framework.FrameworkSQLiteOpenHelper$OpenHelper.innerGetDatabase(FrameworkSQLiteOpenHelper.kt:176)
	at androidx.sqlite.db.framework.FrameworkSQLiteOpenHelper$OpenHelper.getSupportDatabase(FrameworkSQLiteOpenHelper.kt:151)
	at androidx.sqlite.db.framework.FrameworkSQLiteOpenHelper.getWritableDatabase(FrameworkSQLiteOpenHelper.kt:104)
	at androidx.room.RoomDatabase.inTransaction(RoomDatabase.kt:629)
	at androidx.room.RoomDatabase.assertNotSuspendingTransaction(RoomDatabase.kt:448)
	at androidx.work.impl.model.SystemIdInfoDao_Impl.getWorkSpecIds(SystemIdInfoDao_Impl.java:165)
	at androidx.work.impl.background.systemjob.SystemJobScheduler.reconcileJobs(SystemJobScheduler.java:310)
	at androidx.work.impl.utils.ForceStopRunnable.cleanUp(ForceStopRunnable.java:289)
	at androidx.work.impl.utils.ForceStopRunnable.forceStopRunnable(ForceStopRunnable.java:252)
	at androidx.work.impl.utils.ForceStopRunnable.run(ForceStopRunnable.java:135)
	at androidx.work.impl.utils.SerialExecutorImpl$Task.run(SerialExecutorImpl.java:96)
	at androidx.work.testing.SynchronousExecutor.execute(SynchronousExecutor.java:30)
	at androidx.work.impl.utils.SerialExecutorImpl.scheduleNext(SerialExecutorImpl.java:60)
	at androidx.work.impl.utils.SerialExecutorImpl.execute(SerialExecutorImpl.java:51)
	at androidx.work.impl.utils.taskexecutor.TaskExecutor.executeOnTaskThread(TaskExecutor.java:46)
	at androidx.work.impl.WorkManagerImpl.<init>(WorkManagerImpl.java:252)
	at androidx.work.impl.WorkManagerImplExtKt.createWorkManager(WorkManagerImplExt.kt:49)
	at androidx.work.impl.WorkManagerImplExtKt.createWorkManager$default(WorkManagerImplExt.kt:29)
	at androidx.work.testing.TestWorkManagerImplKt.createTestWorkManagerImpl(TestWorkManagerImpl.kt:45)
	at androidx.work.testing.WorkManagerTestInitHelper.initializeTestWorkManager(WorkManagerTestInitHelper.java:131)
	at androidx.work.testing.WorkManagerTestInitHelper.initializeTestWorkManager(WorkManagerTestInitHelper.java:64)
	at androidx.work.testing.WorkManagerTestInitHelper.initializeTestWorkManager(WorkManagerTestInitHelper.java:50)
	at ai.dcar.caldatewidget.ConfigActivityTest.setup(ConfigActivityTest.kt:34)
	at java.base/jdk.internal.reflect.DirectMethodHandleAccessor.invoke(DirectMethodHandleAccessor.java:103)
	at java.base/java.lang.reflect.Method.invoke(Method.java:580)
	at org.junit.runners.model.FrameworkMethod$1.runReflectiveCall(FrameworkMethod.java:59)
	at org.junit.internal.runners.model.ReflectiveCallable.run(ReflectiveCallable.java:12)
	at org.junit.runners.model.FrameworkMethod.invokeExplosively(FrameworkMethod.java:56)
	at org.junit.internal.runners.statements.RunBefores.invokeMethod(RunBefores.java:33)
	at org.junit.internal.runners.statements.RunBefores.evaluate(RunBefores.java:24)
	at org.junit.runners.ParentRunner$3.evaluate(ParentRunner.java:306)
	at org.robolectric.RobolectricTestRunner$HelperTestRunner$1.evaluate(RobolectricTestRunner.java:588)
	at org.robolectric.internal.SandboxTestRunner$2.lambda$evaluate$2(SandboxTestRunner.java:290)
	at org.robolectric.internal.bytecode.Sandbox.lambda$runOnMainThread$0(Sandbox.java:101)
	at java.base/java.util.concurrent.FutureTask.run(FutureTask.java:317)
	at java.base/java.util.concurrent.ThreadPoolExecutor.runWorker(ThreadPoolExecutor.java:1144)
	at java.base/java.util.concurrent.ThreadPoolExecutor$Worker.run(ThreadPoolExecutor.java:642)
	at java.base/java.lang.Thread.run(Thread.java:1583)

System.logW: A resource was acquired at attached stack trace but never released. See java.io.Closeable for information on avoiding resource leaks.
java.lang.Throwable: Explicit termination method 'SQLiteConnectionPool.close' not called
	at dalvik.system.CloseGuard.$$robo$$dalvik_system_CloseGuard$openWithCallSite(CloseGuard.java:288)
	at dalvik.system.CloseGuard.openWithCallSite(CloseGuard.java)
	at dalvik.system.CloseGuard.$$robo$$dalvik_system_CloseGuard$open(CloseGuard.java:257)
	at java.base/jdk.internal.reflect.DirectMethodHandleAccessor.invoke(DirectMethodHandleAccessor.java:103)
	at java.base/java.lang.reflect.Method.invoke(Method.java:580)
	at org.robolectric.shadows.ShadowCloseGuard$CloseGuardReflector$$Reflector36.open(Unknown Source)
	at org.robolectric.shadows.ShadowCloseGuard.open(ShadowCloseGuard.java:38)
	at dalvik.system.CloseGuard.open(CloseGuard.java)
	at android.database.sqlite.SQLiteConnectionPool.$$robo$$android_database_sqlite_SQLiteConnectionPool$open(SQLiteConnectionPool.java:226)
	at android.database.sqlite.SQLiteConnectionPool.open(SQLiteConnectionPool.java)
	at android.database.sqlite.SQLiteConnectionPool.$$robo$$android_database_sqlite_SQLiteConnectionPool$open(SQLiteConnectionPool.java:207)
	at android.database.sqlite.SQLiteConnectionPool.open(SQLiteConnectionPool.java)
	at android.database.sqlite.SQLiteDatabase.$$robo$$android_database_sqlite_SQLiteDatabase$openInner(SQLiteDatabase.java:1087)
	at android.database.sqlite.SQLiteDatabase.openInner(SQLiteDatabase.java)
	at android.database.sqlite.SQLiteDatabase.$$robo$$android_database_sqlite_SQLiteDatabase$open(SQLiteDatabase.java:1067)
	at android.database.sqlite.SQLiteDatabase.open(SQLiteDatabase.java)
	at android.database.sqlite.SQLiteDatabase.$$robo$$android_database_sqlite_SQLiteDatabase$openDatabase(SQLiteDatabase.java:931)
	at android.database.sqlite.SQLiteDatabase.openDatabase(SQLiteDatabase.java)
	at android.database.sqlite.SQLiteDatabase.$$robo$$android_database_sqlite_SQLiteDatabase$createInMemory(SQLiteDatabase.java:1127)
	at android.database.sqlite.SQLiteDatabase.createInMemory(SQLiteDatabase.java)
	at android.database.sqlite.SQLiteOpenHelper.$$robo$$android_database_sqlite_SQLiteOpenHelper$getDatabaseLocked(SQLiteOpenHelper.java:368)
	at android.database.sqlite.SQLiteOpenHelper.getDatabaseLocked(SQLiteOpenHelper.java)
	at android.database.sqlite.SQLiteOpenHelper.$$robo$$android_database_sqlite_SQLiteOpenHelper$getWritableDatabase(SQLiteOpenHelper.java:316)
	at android.database.sqlite.SQLiteOpenHelper.getWritableDatabase(SQLiteOpenHelper.java)
	at androidx.sqlite.db.framework.FrameworkSQLiteOpenHelper$OpenHelper.getWritableOrReadableDatabase(FrameworkSQLiteOpenHelper.kt:231)
	at androidx.sqlite.db.framework.FrameworkSQLiteOpenHelper$OpenHelper.innerGetDatabase(FrameworkSQLiteOpenHelper.kt:176)
	at androidx.sqlite.db.framework.FrameworkSQLiteOpenHelper$OpenHelper.getSupportDatabase(FrameworkSQLiteOpenHelper.kt:151)
	at androidx.sqlite.db.framework.FrameworkSQLiteOpenHelper.getWritableDatabase(FrameworkSQLiteOpenHelper.kt:104)
	at androidx.room.RoomDatabase.inTransaction(RoomDatabase.kt:629)
	at androidx.room.RoomDatabase.assertNotSuspendingTransaction(RoomDatabase.kt:448)
	at androidx.work.impl.model.SystemIdInfoDao_Impl.getWorkSpecIds(SystemIdInfoDao_Impl.java:165)
	at androidx.work.impl.background.systemjob.SystemJobScheduler.reconcileJobs(SystemJobScheduler.java:310)
	at androidx.work.impl.utils.ForceStopRunnable.cleanUp(ForceStopRunnable.java:289)
	at androidx.work.impl.utils.ForceStopRunnable.forceStopRunnable(ForceStopRunnable.java:252)
	at androidx.work.impl.utils.ForceStopRunnable.run(ForceStopRunnable.java:135)
	at androidx.work.impl.utils.SerialExecutorImpl$Task.run(SerialExecutorImpl.java:96)
	at androidx.work.testing.SynchronousExecutor.execute(SynchronousExecutor.java:30)
	at androidx.work.impl.utils.SerialExecutorImpl.scheduleNext(SerialExecutorImpl.java:60)
	at androidx.work.impl.utils.SerialExecutorImpl.execute(SerialExecutorImpl.java:51)
	at androidx.work.impl.utils.taskexecutor.TaskExecutor.executeOnTaskThread(TaskExecutor.java:46)
	at androidx.work.impl.WorkManagerImpl.<init>(WorkManagerImpl.java:252)
	at androidx.work.impl.WorkManagerImplExtKt.createWorkManager(WorkManagerImplExt.kt:49)
	at androidx.work.impl.WorkManagerImplExtKt.createWorkManager$default(WorkManagerImplExt.kt:29)
	at androidx.work.testing.TestWorkManagerImplKt.createTestWorkManagerImpl(TestWorkManagerImpl.kt:45)
	at androidx.work.testing.WorkManagerTestInitHelper.initializeTestWorkManager(WorkManagerTestInitHelper.java:131)
	at androidx.work.testing.WorkManagerTestInitHelper.initializeTestWorkManager(WorkManagerTestInitHelper.java:64)
	at androidx.work.testing.WorkManagerTestInitHelper.initializeTestWorkManager(WorkManagerTestInitHelper.java:50)
	at ai.dcar.caldatewidget.ConfigActivityTest.setup(ConfigActivityTest.kt:34)
	at java.base/jdk.internal.reflect.DirectMethodHandleAccessor.invoke(DirectMethodHandleAccessor.java:103)
	at java.base/java.lang.reflect.Method.invoke(Method.java:580)
	at org.junit.runners.model.FrameworkMethod$1.runReflectiveCall(FrameworkMethod.java:59)
	at org.junit.internal.runners.model.ReflectiveCallable.run(ReflectiveCallable.java:12)
	at org.junit.runners.model.FrameworkMethod.invokeExplosively(FrameworkMethod.java:56)
	at org.junit.internal.runners.statements.RunBefores.invokeMethod(RunBefores.java:33)
	at org.junit.internal.runners.statements.RunBefores.evaluate(RunBefores.java:24)
	at org.junit.runners.ParentRunner$3.evaluate(ParentRunner.java:306)
	at org.robolectric.RobolectricTestRunner$HelperTestRunner$1.evaluate(RobolectricTestRunner.java:588)
	at org.robolectric.internal.SandboxTestRunner$2.lambda$evaluate$2(SandboxTestRunner.java:290)
	at org.robolectric.internal.bytecode.Sandbox.lambda$runOnMainThread$0(Sandbox.java:101)
	at java.base/java.util.concurrent.FutureTask.run(FutureTask.java:317)
	at java.base/java.util.concurrent.ThreadPoolExecutor.runWorker(ThreadPoolExecutor.java:1144)
	at java.base/java.util.concurrent.ThreadPoolExecutor$Worker.run(ThreadPoolExecutor.java:642)
	at java.base/java.lang.Thread.run(Thread.java:1583)

System.logW: A resource was acquired at attached stack trace but never released. See java.io.Closeable for information on avoiding resource leaks.
java.lang.Throwable: Explicit termination method 'close' not called
	at dalvik.system.CloseGuard.$$robo$$dalvik_system_CloseGuard$openWithCallSite(CloseGuard.java:288)
	at dalvik.system.CloseGuard.openWithCallSite(CloseGuard.java)
	at dalvik.system.CloseGuard.$$robo$$dalvik_system_CloseGuard$open(CloseGuard.java:257)
	at java.base/jdk.internal.reflect.DirectMethodHandleAccessor.invoke(DirectMethodHandleAccessor.java:103)
	at java.base/java.lang.reflect.Method.invoke(Method.java:580)
	at org.robolectric.shadows.ShadowCloseGuard$CloseGuardReflector$$Reflector36.open(Unknown Source)
	at org.robolectric.shadows.ShadowCloseGuard.open(ShadowCloseGuard.java:38)
	at dalvik.system.CloseGuard.open(CloseGuard.java)
	at android.database.sqlite.SQLiteDatabase.$$robo$$android_database_sqlite_SQLiteDatabase$openInner(SQLiteDatabase.java:1088)
	at android.database.sqlite.SQLiteDatabase.openInner(SQLiteDatabase.java)
	at android.database.sqlite.SQLiteDatabase.$$robo$$android_database_sqlite_SQLiteDatabase$open(SQLiteDatabase.java:1067)
	at android.database.sqlite.SQLiteDatabase.open(SQLiteDatabase.java)
	at android.database.sqlite.SQLiteDatabase.$$robo$$android_database_sqlite_SQLiteDatabase$openDatabase(SQLiteDatabase.java:931)
	at android.database.sqlite.SQLiteDatabase.openDatabase(SQLiteDatabase.java)
	at android.database.sqlite.SQLiteDatabase.$$robo$$android_database_sqlite_SQLiteDatabase$createInMemory(SQLiteDatabase.java:1127)
	at android.database.sqlite.SQLiteDatabase.createInMemory(SQLiteDatabase.java)
	at android.database.sqlite.SQLiteOpenHelper.$$robo$$android_database_sqlite_SQLiteOpenHelper$getDatabaseLocked(SQLiteOpenHelper.java:368)
	at android.database.sqlite.SQLiteOpenHelper.getDatabaseLocked(SQLiteOpenHelper.java)
	at android.database.sqlite.SQLiteOpenHelper.$$robo$$android_database_sqlite_SQLiteOpenHelper$getWritableDatabase(SQLiteOpenHelper.java:316)
	at android.database.sqlite.SQLiteOpenHelper.getWritableDatabase(SQLiteOpenHelper.java)
	at androidx.sqlite.db.framework.FrameworkSQLiteOpenHelper$OpenHelper.getWritableOrReadableDatabase(FrameworkSQLiteOpenHelper.kt:231)
	at androidx.sqlite.db.framework.FrameworkSQLiteOpenHelper$OpenHelper.innerGetDatabase(FrameworkSQLiteOpenHelper.kt:176)
	at androidx.sqlite.db.framework.FrameworkSQLiteOpenHelper$OpenHelper.getSupportDatabase(FrameworkSQLiteOpenHelper.kt:151)
	at androidx.sqlite.db.framework.FrameworkSQLiteOpenHelper.getWritableDatabase(FrameworkSQLiteOpenHelper.kt:104)
	at androidx.room.RoomDatabase.inTransaction(RoomDatabase.kt:629)
	at androidx.room.RoomDatabase.assertNotSuspendingTransaction(RoomDatabase.kt:448)
	at androidx.work.impl.model.SystemIdInfoDao_Impl.getWorkSpecIds(SystemIdInfoDao_Impl.java:165)
	at androidx.work.impl.background.systemjob.SystemJobScheduler.reconcileJobs(SystemJobScheduler.java:310)
	at androidx.work.impl.utils.ForceStopRunnable.cleanUp(ForceStopRunnable.java:289)
	at androidx.work.impl.utils.ForceStopRunnable.forceStopRunnable(ForceStopRunnable.java:252)
	at androidx.work.impl.utils.ForceStopRunnable.run(ForceStopRunnable.java:135)
	at androidx.work.impl.utils.SerialExecutorImpl$Task.run(SerialExecutorImpl.java:96)
	at androidx.work.testing.SynchronousExecutor.execute(SynchronousExecutor.java:30)
	at androidx.work.impl.utils.SerialExecutorImpl.scheduleNext(SerialExecutorImpl.java:60)
	at androidx.work.impl.utils.SerialExecutorImpl.execute(SerialExecutorImpl.java:51)
	at androidx.work.impl.utils.taskexecutor.TaskExecutor.executeOnTaskThread(TaskExecutor.java:46)
	at androidx.work.impl.WorkManagerImpl.<init>(WorkManagerImpl.java:252)
	at androidx.work.impl.WorkManagerImplExtKt.createWorkManager(WorkManagerImplExt.kt:49)
	at androidx.work.impl.WorkManagerImplExtKt.createWorkManager$default(WorkManagerImplExt.kt:29)
	at androidx.work.testing.TestWorkManagerImplKt.createTestWorkManagerImpl(TestWorkManagerImpl.kt:45)
	at androidx.work.testing.WorkManagerTestInitHelper.initializeTestWorkManager(WorkManagerTestInitHelper.java:131)
	at androidx.work.testing.WorkManagerTestInitHelper.initializeTestWorkManager(WorkManagerTestInitHelper.java:64)
	at androidx.work.testing.WorkManagerTestInitHelper.initializeTestWorkManager(WorkManagerTestInitHelper.java:50)
	at ai.dcar.caldatewidget.ConfigActivityTest.setup(ConfigActivityTest.kt:34)
	at java.base/jdk.internal.reflect.DirectMethodHandleAccessor.invoke(DirectMethodHandleAccessor.java:103)
	at java.base/java.lang.reflect.Method.invoke(Method.java:580)
	at org.junit.runners.model.FrameworkMethod$1.runReflectiveCall(FrameworkMethod.java:59)
	at org.junit.internal.runners.model.ReflectiveCallable.run(ReflectiveCallable.java:12)
	at org.junit.runners.model.FrameworkMethod.invokeExplosively(FrameworkMethod.java:56)
	at org.junit.internal.runners.statements.RunBefores.invokeMethod(RunBefores.java:33)
	at org.junit.internal.runners.statements.RunBefores.evaluate(RunBefores.java:24)
	at org.junit.runners.ParentRunner$3.evaluate(ParentRunner.java:306)
	at org.robolectric.RobolectricTestRunner$HelperTestRunner$1.evaluate(RobolectricTestRunner.java:588)
	at org.robolectric.internal.SandboxTestRunner$2.lambda$evaluate$2(SandboxTestRunner.java:290)
	at org.robolectric.internal.bytecode.Sandbox.lambda$runOnMainThread$0(Sandbox.java:101)
	at java.base/java.util.concurrent.FutureTask.run(FutureTask.java:317)
	at java.base/java.util.concurrent.ThreadPoolExecutor.runWorker(ThreadPoolExecutor.java:1144)
	at java.base/java.util.concurrent.ThreadPoolExecutor$Worker.run(ThreadPoolExecutor.java:642)
	at java.base/java.lang.Thread.run(Thread.java:1583)

java.lang.NullPointerException: Cannot read field "layoutId" because "widgetInfo" is null
	at org.robolectric.shadows.ShadowAppWidgetManager.canReapplyRemoteViews(ShadowAppWidgetManager.java:106)
	at org.robolectric.shadows.ShadowAppWidgetManager.updateAppWidget(ShadowAppWidgetManager.java:88)
	at android.appwidget.AppWidgetManager.updateAppWidget(AppWidgetManager.java)
	at ai.dcar.caldatewidget.WidgetUpdateWorker.updateWeeklyWidget(WidgetUpdateWorker.kt:69)
	at ai.dcar.caldatewidget.WidgetUpdateWorker.access$updateWeeklyWidget(WidgetUpdateWorker.kt:14)
	at ai.dcar.caldatewidget.WidgetUpdateWorker$doWork$2.invokeSuspend(WidgetUpdateWorker.kt:31)
	at kotlin.coroutines.jvm.internal.BaseContinuationImpl.resumeWith(ContinuationImpl.kt:33)
	at kotlinx.coroutines.DispatchedTask.run(DispatchedTask.kt:106)
	at kotlinx.coroutines.internal.LimitedDispatcher$Worker.run(LimitedDispatcher.kt:115)
	at kotlinx.coroutines.scheduling.TaskImpl.run(Tasks.kt:100)
	at kotlinx.coroutines.scheduling.CoroutineScheduler.runSafely(CoroutineScheduler.kt:584)
	at kotlinx.coroutines.scheduling.CoroutineScheduler$Worker.executeTask(CoroutineScheduler.kt:793)
	at kotlinx.coroutines.scheduling.CoroutineScheduler$Worker.runWorker(CoroutineScheduler.kt:697)
	at kotlinx.coroutines.scheduling.CoroutineScheduler$Worker.run(CoroutineScheduler.kt:684)
java.lang.NullPointerException: Cannot read field "layoutId" because "widgetInfo" is null
	at org.robolectric.shadows.ShadowAppWidgetManager.canReapplyRemoteViews(ShadowAppWidgetManager.java:106)
	at org.robolectric.shadows.ShadowAppWidgetManager.updateAppWidget(ShadowAppWidgetManager.java:88)
	at android.appwidget.AppWidgetManager.updateAppWidget(AppWidgetManager.java)
	at ai.dcar.caldatewidget.WidgetUpdateWorker.updateWeeklyWidget(WidgetUpdateWorker.kt:69)
	at ai.dcar.caldatewidget.WidgetUpdateWorker.access$updateWeeklyWidget(WidgetUpdateWorker.kt:14)
	at ai.dcar.caldatewidget.WidgetUpdateWorker$doWork$2.invokeSuspend(WidgetUpdateWorker.kt:31)
	at kotlin.coroutines.jvm.internal.BaseContinuationImpl.resumeWith(ContinuationImpl.kt:33)
	at kotlinx.coroutines.DispatchedTask.run(DispatchedTask.kt:106)
	at kotlinx.coroutines.internal.LimitedDispatcher$Worker.run(LimitedDispatcher.kt:115)
	at kotlinx.coroutines.scheduling.TaskImpl.run(Tasks.kt:100)
	at kotlinx.coroutines.scheduling.CoroutineScheduler.runSafely(CoroutineScheduler.kt:584)
	at kotlinx.coroutines.scheduling.CoroutineScheduler$Worker.executeTask(CoroutineScheduler.kt:793)
	at kotlinx.coroutines.scheduling.CoroutineScheduler$Worker.runWorker(CoroutineScheduler.kt:697)
	at kotlinx.coroutines.scheduling.CoroutineScheduler$Worker.run(CoroutineScheduler.kt:684)
]]></system-err>
</testsuite>
