<?xml version="1.0" encoding="UTF-8"?>
<testsuite name="ai.dcar.caldatewidget.SettingsStateManagerTest" tests="6" skipped="0" failures="0" errors="0" timestamp="2026-02-02T23:05:33.981Z" hostname="bosgame" time="0.006">
  <properties/>
  <testcase name="undo on empty stack does nothing" classname="ai.dcar.caldatewidget.SettingsStateManagerTest" time="0.002"/>
  <testcase name="beginChangeSession resets after undo" classname="ai.dcar.caldatewidget.SettingsStateManagerTest" time="0.001"/>
  <testcase name="updateSettings pushes to undo stack when requested" classname="ai.dcar.caldatewidget.SettingsStateManagerTest" time="0.0"/>
  <testcase name="undo reverts to previous settings" classname="ai.dcar.caldatewidget.SettingsStateManagerTest" time="0.001"/>
  <testcase name="beginChangeSession pushes a single snapshot for a session" classname="ai.dcar.caldatewidget.SettingsStateManagerTest" time="0.001"/>
  <testcase name="multiple levels of undo work correctly" classname="ai.dcar.caldatewidget.SettingsStateManagerTest" time="0.001"/>
  <system-out><![CDATA[]]></system-out>
  <system-err><![CDATA[]]></system-err>
</testsuite>
